<?xml version="1.0" encoding="UTF-8"?>
<testng-results skipped="0" failed="0" ignored="0" total="1" passed="1">
  <reporter-output>
  </reporter-output>
  <suite name="Suite" duration-ms="7768" started-at="2019-11-05T12:11:09Z" finished-at="2019-11-05T12:11:17Z">
    <groups>
    </groups>
    <test name="Test" duration-ms="7768" started-at="2019-11-05T12:11:09Z" finished-at="2019-11-05T12:11:17Z">
      <class name="Neha.GoogleTest.NewTest">
        <test-method status="PASS" signature="f()[pri:0, instance:Neha.GoogleTest.NewTest@4b0b0854]" name="f" duration-ms="7744" started-at="2019-11-05T12:11:09Z" finished-at="2019-11-05T12:11:17Z">
          <reporter-output>
          </reporter-output>
        </test-method> <!-- f -->
      </class> <!-- Neha.GoogleTest.NewTest -->
    </test> <!-- Test -->
  </suite> <!-- Suite -->
</testng-results>
